==> Vault server configuration:

             Api Address: http://0.0.0.0:8200
                     Cgo: disabled
         Cluster Address: https://0.0.0.0:8201
              Go Version: go1.16.7
              Listener 1: tcp (addr: "0.0.0.0:8200", cluster address: "0.0.0.0:8201", max_request_duration: "1m30s", max_request_size: "33554432", tls: "disabled")
               Log Level: info
                   Mlock: supported: true, enabled: true
           Recovery Mode: false
                 Storage: raft (HA available)
                 Version: Vault v1.8.4
             Version Sha: 925bc650ad1d997e84fbb832f302a6bfe0105bbb

==> Vault server started! Log data will stream in below:

2021-10-21T16:54:58.349Z [INFO]  proxy environment: http_proxy="" https_proxy="" no_proxy=""
2021-10-21T16:55:31.945Z [INFO]  core: security barrier not initialized
2021-10-21T16:55:32.305Z [INFO]  core: security barrier not initialized
2021-10-21T16:55:32.305Z [INFO]  core: seal configuration missing, not initialized
2021-10-21T16:55:32.305Z [INFO]  core: security barrier not initialized
2021-10-21T16:55:32.329Z [INFO]  core: security barrier not initialized
2021-10-21T16:55:32.330Z [INFO]  core: seal configuration missing, not initialized
2021-10-21T16:55:32.329Z [INFO]  core: security barrier not initialized
2021-10-21T16:55:42.350Z [INFO]  core: security barrier not initialized
2021-10-21T16:55:42.350Z [INFO]  core: seal configuration missing, not initialized
2021-10-21T16:55:42.350Z [INFO]  core: security barrier not initialized
2021-10-21T16:55:52.361Z [INFO]  core: security barrier not initialized
2021-10-21T16:55:52.361Z [INFO]  core: security barrier not initialized
2021-10-21T16:55:52.362Z [INFO]  core: seal configuration missing, not initialized
2021-10-21T16:56:02.372Z [INFO]  core: security barrier not initialized
2021-10-21T16:56:02.372Z [INFO]  core: security barrier not initialized
2021-10-21T16:56:02.372Z [INFO]  core: seal configuration missing, not initialized
2021-10-21T16:56:11.695Z [INFO]  core: security barrier not initialized
2021-10-21T16:56:11.701Z [INFO]  storage.raft: creating Raft: config="&raft.Config{ProtocolVersion:3, HeartbeatTimeout:5000000000, ElectionTimeout:5000000000, CommitTimeout:50000000, MaxAppendEntries:64, BatchApplyCh:true, ShutdownOnRemove:true, TrailingLogs:0x2800, SnapshotInterval:120000000000, SnapshotThreshold:0x2000, LeaderLeaseTimeout:2500000000, LocalID:"node1", NotifyCh:(chan<- bool)(0xc000c3a310), LogOutput:io.Writer(nil), LogLevel:"DEBUG", Logger:(*hclog.interceptLogger)(0xc0004d2f90), NoSnapshotRestoreOnStart:true, skipStartup:false}"
2021-10-21T16:56:11.702Z [INFO]  storage.raft: initial configuration: index=1 servers="[{Suffrage:Voter ID:node1 Address:0.0.0.0:8201}]"
2021-10-21T16:56:11.702Z [INFO]  storage.raft: entering follower state: follower="Node at node1 [Follower]" leader=
2021-10-21T16:56:12.380Z [INFO]  core: security barrier not initialized
2021-10-21T16:56:19.373Z [WARN]  storage.raft: heartbeat timeout reached, starting election: last-leader=
2021-10-21T16:56:19.373Z [INFO]  storage.raft: entering candidate state: node="Node at node1 [Candidate]" term=2
2021-10-21T16:56:19.374Z [INFO]  storage.raft: election won: tally=1
2021-10-21T16:56:19.374Z [INFO]  storage.raft: entering leader state: leader="Node at node1 [Leader]"
2021-10-21T16:56:19.382Z [INFO]  core: seal configuration missing, not initialized
2021-10-21T16:56:19.385Z [INFO]  core: security barrier initialized: stored=1 shares=10 threshold=3
2021-10-21T16:56:19.421Z [INFO]  core: post-unseal setup starting
2021-10-21T16:56:19.433Z [INFO]  core: loaded wrapping token key
2021-10-21T16:56:19.433Z [INFO]  core: successfully setup plugin catalog: plugin-directory=""
2021-10-21T16:56:19.434Z [INFO]  core: no mounts; adding default mount table
2021-10-21T16:56:19.435Z [INFO]  core: successfully mounted backend: type=cubbyhole path=cubbyhole/
2021-10-21T16:56:19.436Z [INFO]  core: successfully mounted backend: type=system path=sys/
2021-10-21T16:56:19.436Z [INFO]  core: successfully mounted backend: type=identity path=identity/
2021-10-21T16:56:19.441Z [INFO]  core: successfully enabled credential backend: type=token path=token/
2021-10-21T16:56:19.441Z [INFO]  rollback: starting rollback manager
2021-10-21T16:56:19.441Z [INFO]  core: restoring leases
2021-10-21T16:56:19.442Z [INFO]  expiration: lease restore complete
2021-10-21T16:56:19.443Z [INFO]  identity: entities restored
2021-10-21T16:56:19.443Z [INFO]  identity: groups restored
2021-10-21T16:56:19.443Z [INFO]  core: usage gauge collection is disabled
2021-10-21T16:56:19.443Z [INFO]  core: post-unseal setup complete
2021-10-21T16:56:19.445Z [INFO]  core: root token generated
2021-10-21T16:56:19.483Z [INFO]  core: pre-seal teardown starting
2021-10-21T16:56:19.483Z [INFO]  core: stopping raft active node
2021-10-21T16:56:19.483Z [INFO]  rollback: stopping rollback manager
2021-10-21T16:56:19.483Z [INFO]  core: pre-seal teardown complete
2021-10-21T16:58:50.140Z [INFO]  core.cluster-listener.tcp: starting listener: listener_address=0.0.0.0:8201
2021-10-21T16:58:50.141Z [INFO]  core.cluster-listener: serving cluster requests: cluster_listen_address=[::]:8201
2021-10-21T16:59:15.136Z [WARN]  core: cluster listener is already started
2021-10-21T16:59:47.734Z [WARN]  core: cluster listener is already started
2021-10-21T17:00:15.110Z [WARN]  core: cluster listener is already started
2021-10-21T17:00:34.922Z [WARN]  core: cluster listener is already started
2021-10-21T17:00:53.352Z [WARN]  core: cluster listener is already started
2021-10-21T17:01:06.941Z [WARN]  core: cluster listener is already started
2021-10-21T17:01:19.917Z [WARN]  core: cluster listener is already started
2021-10-21T17:02:13.557Z [WARN]  core: cluster listener is already started
2021-10-21T17:02:34.686Z [WARN]  core: cluster listener is already started
==> Vault server configuration:

             Api Address: http://0.0.0.0:8200
                     Cgo: disabled
         Cluster Address: https://0.0.0.0:8201
              Go Version: go1.16.7
              Listener 1: tcp (addr: "0.0.0.0:8200", cluster address: "0.0.0.0:8201", max_request_duration: "1m30s", max_request_size: "33554432", tls: "disabled")
               Log Level: info
                   Mlock: supported: true, enabled: true
           Recovery Mode: false
                 Storage: raft (HA available)
                 Version: Vault v1.8.4
             Version Sha: 925bc650ad1d997e84fbb832f302a6bfe0105bbb

==> Vault server started! Log data will stream in below:

2021-10-21T17:05:39.458Z [INFO]  proxy environment: http_proxy="" https_proxy="" no_proxy=""
==> Vault server configuration:

             Api Address: https://0.0.0.0:8200
                     Cgo: disabled
         Cluster Address: https://0.0.0.0:8201
              Go Version: go1.16.7
              Listener 1: tcp (addr: "0.0.0.0:8200", cluster address: "0.0.0.0:8201", max_request_duration: "1m30s", max_request_size: "33554432", tls: "disabled")
               Log Level: info
                   Mlock: supported: true, enabled: true
           Recovery Mode: false
                 Storage: raft (HA available)
                 Version: Vault v1.8.4
             Version Sha: 925bc650ad1d997e84fbb832f302a6bfe0105bbb

==> Vault server started! Log data will stream in below:

2021-10-21T17:07:26.470Z [INFO]  proxy environment: http_proxy="" https_proxy="" no_proxy=""
2021-10-21T17:08:05.289Z [INFO]  core.cluster-listener.tcp: starting listener: listener_address=0.0.0.0:8201
2021-10-21T17:08:05.289Z [INFO]  core.cluster-listener: serving cluster requests: cluster_listen_address=[::]:8201
==> Vault server configuration:

             Api Address: https://172.16.1.101:8200
                     Cgo: disabled
         Cluster Address: https://172.16.1.101:8201
              Go Version: go1.16.7
              Listener 1: tcp (addr: "172.16.1.101:8200", cluster address: "172.16.1.101:8201", max_request_duration: "1m30s", max_request_size: "33554432", tls: "disabled")
               Log Level: info
                   Mlock: supported: true, enabled: true
           Recovery Mode: false
                 Storage: raft (HA available)
                 Version: Vault v1.8.4
             Version Sha: 925bc650ad1d997e84fbb832f302a6bfe0105bbb

==> Vault server started! Log data will stream in below:

2021-10-21T17:09:06.099Z [INFO]  proxy environment: http_proxy="" https_proxy="" no_proxy=""
2021-10-21T17:09:50.265Z [INFO]  core.cluster-listener.tcp: starting listener: listener_address=172.16.1.101:8201
2021-10-21T17:09:50.265Z [INFO]  core.cluster-listener: serving cluster requests: cluster_listen_address=172.16.1.101:8201
2021-10-21T17:09:50.266Z [INFO]  storage.raft: creating Raft: config="&raft.Config{ProtocolVersion:3, HeartbeatTimeout:5000000000, ElectionTimeout:5000000000, CommitTimeout:50000000, MaxAppendEntries:64, BatchApplyCh:true, ShutdownOnRemove:true, TrailingLogs:0x2800, SnapshotInterval:120000000000, SnapshotThreshold:0x2000, LeaderLeaseTimeout:2500000000, LocalID:"node1", NotifyCh:(chan<- bool)(0xc0002d4a10), LogOutput:io.Writer(nil), LogLevel:"DEBUG", Logger:(*hclog.interceptLogger)(0xc0007a8180), NoSnapshotRestoreOnStart:true, skipStartup:false}"
2021-10-21T17:09:50.266Z [INFO]  storage.raft: initial configuration: index=1 servers="[{Suffrage:Voter ID:node1 Address:0.0.0.0:8201}]"
2021-10-21T17:09:50.266Z [INFO]  storage.raft: entering follower state: follower="Node at 172.16.1.101:8201 [Follower]" leader=
2021-10-21T17:09:50.266Z [INFO]  core: vault is unsealed
2021-10-21T17:09:50.266Z [INFO]  core: entering standby mode
2021-10-21T17:09:59.361Z [WARN]  storage.raft: heartbeat timeout reached, starting election: last-leader=
2021-10-21T17:09:59.362Z [INFO]  storage.raft: entering candidate state: node="Node at 172.16.1.101:8201 [Candidate]" term=3
2021-10-21T17:09:59.362Z [INFO]  storage.raft: election won: tally=1
2021-10-21T17:09:59.363Z [INFO]  storage.raft: entering leader state: leader="Node at 172.16.1.101:8201 [Leader]"
2021-10-21T17:09:59.363Z [INFO]  core: acquired lock, enabling active operation
2021-10-21T17:09:59.413Z [INFO]  core: post-unseal setup starting
2021-10-21T17:09:59.414Z [INFO]  core: loaded wrapping token key
2021-10-21T17:09:59.414Z [INFO]  core: successfully setup plugin catalog: plugin-directory=""
2021-10-21T17:09:59.415Z [INFO]  core: successfully mounted backend: type=system path=sys/
2021-10-21T17:09:59.415Z [INFO]  core: successfully mounted backend: type=identity path=identity/
2021-10-21T17:09:59.415Z [INFO]  core: successfully mounted backend: type=cubbyhole path=cubbyhole/
2021-10-21T17:09:59.416Z [INFO]  core: successfully enabled credential backend: type=token path=token/
2021-10-21T17:09:59.417Z [INFO]  rollback: starting rollback manager
2021-10-21T17:09:59.417Z [INFO]  core: restoring leases
2021-10-21T17:09:59.417Z [INFO]  expiration: lease restore complete
2021-10-21T17:09:59.417Z [INFO]  identity: entities restored
2021-10-21T17:09:59.418Z [INFO]  identity: groups restored
2021-10-21T17:09:59.418Z [INFO]  core: starting raft active node
2021-10-21T17:09:59.418Z [INFO]  storage.raft: starting autopilot: config="&{false 0 10s 24h0m0s 1000 0 10s}" reconcile_interval=0s
2021-10-21T17:09:59.418Z [INFO]  core: usage gauge collection is disabled
2021-10-21T17:09:59.419Z [INFO]  core: post-unseal setup complete
2021-10-21T17:13:09.942Z [INFO]  core: enabled credential backend: path=userpass/ type=userpass
2021-10-21T17:14:56.794Z [INFO]  core: successful mount: namespace="" path=nomad/ type=nomad
2021-10-21T17:15:13.994Z [INFO]  core: successful mount: namespace="" path=consul/ type=consul
2021-10-21T17:25:16.619Z [INFO]  core: successful mount: namespace="" path=secret/ type=kv
2021-10-21T17:25:16.630Z [INFO]  secrets.kv.kv_b92a63b2: collecting keys to upgrade
2021-10-21T17:25:16.630Z [INFO]  secrets.kv.kv_b92a63b2: done collecting keys: num_keys=1
2021-10-21T17:25:16.630Z [INFO]  secrets.kv.kv_b92a63b2: upgrading keys finished
2021-10-22T17:44:55.471Z [INFO]  core.raft: creating new raft TLS config
2021-10-22T17:44:55.502Z [INFO]  core.raft: wrote new raft TLS config
2021-10-24T08:51:22.079Z [WARN]  core.raft: skipping new raft TLS config creation, keys are pending
2021-10-24T08:56:22.089Z [WARN]  core.raft: skipping new raft TLS config creation, keys are pending
2021-10-24T09:01:22.090Z [WARN]  core.raft: skipping new raft TLS config creation, keys are pending
2021-10-24T09:06:22.092Z [WARN]  core.raft: skipping new raft TLS config creation, keys are pending
2021-10-24T09:11:22.094Z [WARN]  core.raft: skipping new raft TLS config creation, keys are pending
2021-10-24T09:16:22.121Z [WARN]  core.raft: skipping new raft TLS config creation, keys are pending
2021-10-24T09:21:22.123Z [WARN]  core.raft: skipping new raft TLS config creation, keys are pending
2021-10-24T09:26:22.124Z [WARN]  core.raft: skipping new raft TLS config creation, keys are pending
2021-10-24T09:31:22.127Z [WARN]  core.raft: skipping new raft TLS config creation, keys are pending
2021-10-24T09:36:22.129Z [WARN]  core.raft: skipping new raft TLS config creation, keys are pending
2021-10-24T09:41:22.129Z [WARN]  core.raft: skipping new raft TLS config creation, keys are pending
2021-10-24T09:46:22.130Z [WARN]  core.raft: skipping new raft TLS config creation, keys are pending
2021-10-24T09:51:22.131Z [WARN]  core.raft: skipping new raft TLS config creation, keys are pending
2021-10-24T09:56:22.135Z [WARN]  core.raft: skipping new raft TLS config creation, keys are pending
2021-10-24T10:01:22.136Z [WARN]  core.raft: skipping new raft TLS config creation, keys are pending
2021-10-24T10:06:22.137Z [WARN]  core.raft: skipping new raft TLS config creation, keys are pending
2021-10-24T10:11:22.138Z [WARN]  core.raft: skipping new raft TLS config creation, keys are pending
2021-10-24T10:16:22.140Z [WARN]  core.raft: skipping new raft TLS config creation, keys are pending
2021-10-24T10:21:22.141Z [WARN]  core.raft: skipping new raft TLS config creation, keys are pending
2021-10-24T10:26:22.144Z [WARN]  core.raft: skipping new raft TLS config creation, keys are pending
2021-10-24T10:31:22.147Z [WARN]  core.raft: skipping new raft TLS config creation, keys are pending
2021-10-24T10:36:22.148Z [WARN]  core.raft: skipping new raft TLS config creation, keys are pending
2021-10-24T10:41:22.153Z [WARN]  core.raft: skipping new raft TLS config creation, keys are pending
2021-10-24T10:46:22.154Z [WARN]  core.raft: skipping new raft TLS config creation, keys are pending
2021-10-24T10:51:22.157Z [WARN]  core.raft: skipping new raft TLS config creation, keys are pending
2021-10-24T10:56:22.159Z [WARN]  core.raft: skipping new raft TLS config creation, keys are pending
2021-10-24T11:01:22.159Z [WARN]  core.raft: skipping new raft TLS config creation, keys are pending
2021-10-24T11:06:22.162Z [WARN]  core.raft: skipping new raft TLS config creation, keys are pending
2021-10-24T11:11:22.166Z [WARN]  core.raft: skipping new raft TLS config creation, keys are pending
2021-10-24T11:16:22.167Z [WARN]  core.raft: skipping new raft TLS config creation, keys are pending
2021-10-24T11:21:22.168Z [WARN]  core.raft: skipping new raft TLS config creation, keys are pending
2021-10-24T11:26:22.176Z [WARN]  core.raft: skipping new raft TLS config creation, keys are pending
2021-10-24T11:31:22.177Z [WARN]  core.raft: skipping new raft TLS config creation, keys are pending
2021-10-24T11:36:22.179Z [WARN]  core.raft: skipping new raft TLS config creation, keys are pending
2021-10-24T11:41:22.180Z [WARN]  core.raft: skipping new raft TLS config creation, keys are pending
2021-10-24T11:46:22.181Z [WARN]  core.raft: skipping new raft TLS config creation, keys are pending
2021-10-24T11:51:22.184Z [WARN]  core.raft: skipping new raft TLS config creation, keys are pending
2021-10-24T11:56:22.185Z [WARN]  core.raft: skipping new raft TLS config creation, keys are pending
2021-10-24T12:01:22.186Z [WARN]  core.raft: skipping new raft TLS config creation, keys are pending
2021-10-24T12:06:22.188Z [WARN]  core.raft: skipping new raft TLS config creation, keys are pending
2021-10-24T12:11:22.195Z [WARN]  core.raft: skipping new raft TLS config creation, keys are pending
2021-10-24T12:16:22.197Z [WARN]  core.raft: skipping new raft TLS config creation, keys are pending
2021-10-24T12:21:22.198Z [WARN]  core.raft: skipping new raft TLS config creation, keys are pending
2021-10-24T12:26:22.200Z [WARN]  core.raft: skipping new raft TLS config creation, keys are pending
2021-10-24T12:31:22.201Z [WARN]  core.raft: skipping new raft TLS config creation, keys are pending
2021-10-24T12:36:22.211Z [WARN]  core.raft: skipping new raft TLS config creation, keys are pending
2021-10-24T12:41:22.212Z [WARN]  core.raft: skipping new raft TLS config creation, keys are pending
2021-10-24T12:46:22.214Z [WARN]  core.raft: skipping new raft TLS config creation, keys are pending
2021-10-24T12:51:22.216Z [WARN]  core.raft: skipping new raft TLS config creation, keys are pending
2021-10-24T12:56:22.216Z [WARN]  core.raft: skipping new raft TLS config creation, keys are pending
2021-10-24T13:01:22.217Z [WARN]  core.raft: skipping new raft TLS config creation, keys are pending
2021-10-24T13:06:22.219Z [WARN]  core.raft: skipping new raft TLS config creation, keys are pending
2021-10-24T13:11:22.220Z [WARN]  core.raft: skipping new raft TLS config creation, keys are pending
2021-10-24T13:16:22.220Z [WARN]  core.raft: skipping new raft TLS config creation, keys are pending
2021-10-24T13:21:22.221Z [WARN]  core.raft: skipping new raft TLS config creation, keys are pending
2021-10-24T13:26:22.221Z [WARN]  core.raft: skipping new raft TLS config creation, keys are pending
2021-10-24T13:31:22.224Z [WARN]  core.raft: skipping new raft TLS config creation, keys are pending
2021-10-24T13:36:22.225Z [WARN]  core.raft: skipping new raft TLS config creation, keys are pending
2021-10-24T13:41:22.226Z [WARN]  core.raft: skipping new raft TLS config creation, keys are pending
2021-10-24T13:46:22.234Z [WARN]  core.raft: skipping new raft TLS config creation, keys are pending
2021-10-24T13:51:22.235Z [WARN]  core.raft: skipping new raft TLS config creation, keys are pending
2021-10-24T13:56:22.239Z [WARN]  core.raft: skipping new raft TLS config creation, keys are pending
2021-10-24T14:01:22.241Z [WARN]  core.raft: skipping new raft TLS config creation, keys are pending
2021-10-24T14:06:22.243Z [WARN]  core.raft: skipping new raft TLS config creation, keys are pending
2021-10-24T14:11:22.243Z [WARN]  core.raft: skipping new raft TLS config creation, keys are pending
2021-10-24T14:16:22.245Z [WARN]  core.raft: skipping new raft TLS config creation, keys are pending
2021-10-24T14:21:22.246Z [WARN]  core.raft: skipping new raft TLS config creation, keys are pending
2021-10-24T14:26:22.253Z [WARN]  core.raft: skipping new raft TLS config creation, keys are pending
2021-10-24T14:31:22.254Z [WARN]  core.raft: skipping new raft TLS config creation, keys are pending
2021-10-24T14:36:22.256Z [WARN]  core.raft: skipping new raft TLS config creation, keys are pending
2021-10-24T14:41:22.256Z [WARN]  core.raft: skipping new raft TLS config creation, keys are pending
2021-10-24T14:46:22.258Z [WARN]  core.raft: skipping new raft TLS config creation, keys are pending
2021-10-24T14:51:22.259Z [WARN]  core.raft: skipping new raft TLS config creation, keys are pending
2021-10-24T14:56:22.271Z [WARN]  core.raft: skipping new raft TLS config creation, keys are pending
2021-10-24T15:01:22.273Z [WARN]  core.raft: skipping new raft TLS config creation, keys are pending
2021-10-24T15:06:22.273Z [WARN]  core.raft: skipping new raft TLS config creation, keys are pending
2021-10-24T15:11:22.276Z [WARN]  core.raft: skipping new raft TLS config creation, keys are pending
2021-10-24T15:16:22.278Z [WARN]  core.raft: skipping new raft TLS config creation, keys are pending
2021-10-24T15:21:22.280Z [WARN]  core.raft: skipping new raft TLS config creation, keys are pending
2021-10-24T15:26:22.281Z [WARN]  core.raft: skipping new raft TLS config creation, keys are pending
2021-10-24T15:31:22.282Z [WARN]  core.raft: skipping new raft TLS config creation, keys are pending
2021-10-24T15:36:22.283Z [WARN]  core.raft: skipping new raft TLS config creation, keys are pending
2021-10-24T15:41:22.284Z [WARN]  core.raft: skipping new raft TLS config creation, keys are pending
2021-10-24T15:46:22.285Z [WARN]  core.raft: skipping new raft TLS config creation, keys are pending
2021-10-24T15:51:22.286Z [WARN]  core.raft: skipping new raft TLS config creation, keys are pending
2021-10-24T15:56:22.287Z [WARN]  core.raft: skipping new raft TLS config creation, keys are pending
2021-10-24T16:01:22.288Z [WARN]  core.raft: skipping new raft TLS config creation, keys are pending
2021-10-24T16:06:22.290Z [WARN]  core.raft: skipping new raft TLS config creation, keys are pending
2021-10-24T16:11:22.291Z [WARN]  core.raft: skipping new raft TLS config creation, keys are pending
2021-10-24T16:16:22.293Z [WARN]  core.raft: skipping new raft TLS config creation, keys are pending
2021-10-24T16:21:22.296Z [WARN]  core.raft: skipping new raft TLS config creation, keys are pending
2021-10-24T16:26:22.297Z [WARN]  core.raft: skipping new raft TLS config creation, keys are pending
2021-10-24T16:31:22.299Z [WARN]  core.raft: skipping new raft TLS config creation, keys are pending
2021-10-24T16:36:22.300Z [WARN]  core.raft: skipping new raft TLS config creation, keys are pending
2021-10-24T16:41:22.303Z [WARN]  core.raft: skipping new raft TLS config creation, keys are pending
2021-10-24T16:46:22.305Z [WARN]  core.raft: skipping new raft TLS config creation, keys are pending
2021-10-24T16:51:22.307Z [WARN]  core.raft: skipping new raft TLS config creation, keys are pending
2021-10-24T16:56:22.309Z [WARN]  core.raft: skipping new raft TLS config creation, keys are pending
2021-10-24T17:01:22.309Z [WARN]  core.raft: skipping new raft TLS config creation, keys are pending
2021-10-24T17:06:22.311Z [WARN]  core.raft: skipping new raft TLS config creation, keys are pending
2021-10-24T17:11:22.312Z [WARN]  core.raft: skipping new raft TLS config creation, keys are pending
2021-10-24T17:16:22.314Z [WARN]  core.raft: skipping new raft TLS config creation, keys are pending
2021-10-24T17:21:22.322Z [WARN]  core.raft: skipping new raft TLS config creation, keys are pending
2021-10-24T17:26:22.323Z [WARN]  core.raft: skipping new raft TLS config creation, keys are pending
2021-10-24T17:31:22.327Z [WARN]  core.raft: skipping new raft TLS config creation, keys are pending
2021-10-24T17:36:22.329Z [WARN]  core.raft: skipping new raft TLS config creation, keys are pending
2021-10-24T17:41:22.330Z [WARN]  core.raft: skipping new raft TLS config creation, keys are pending
2021-10-24T17:46:22.331Z [WARN]  core.raft: skipping new raft TLS config creation, keys are pending
2021-10-24T17:51:22.332Z [WARN]  core.raft: skipping new raft TLS config creation, keys are pending
2021-10-24T17:56:22.334Z [WARN]  core.raft: skipping new raft TLS config creation, keys are pending
2021-10-24T18:01:22.335Z [WARN]  core.raft: skipping new raft TLS config creation, keys are pending
2021-10-24T18:06:22.344Z [WARN]  core.raft: skipping new raft TLS config creation, keys are pending
2021-10-24T18:11:22.345Z [WARN]  core.raft: skipping new raft TLS config creation, keys are pending
2021-10-24T18:16:22.347Z [WARN]  core.raft: skipping new raft TLS config creation, keys are pending
2021-10-24T18:21:22.348Z [WARN]  core.raft: skipping new raft TLS config creation, keys are pending
2021-10-24T18:26:22.350Z [WARN]  core.raft: skipping new raft TLS config creation, keys are pending
2021-10-24T18:29:28.065Z [INFO]  storage.raft: starting snapshot up to: index=8224
2021-10-24T18:29:28.066Z [INFO]  storage.raft: snapshot complete up to: index=8224
2021-10-24T18:31:22.353Z [WARN]  core.raft: skipping new raft TLS config creation, keys are pending
2021-10-24T18:36:22.355Z [WARN]  core.raft: skipping new raft TLS config creation, keys are pending
2021-10-24T18:41:22.357Z [WARN]  core.raft: skipping new raft TLS config creation, keys are pending
2021-10-24T18:46:22.358Z [WARN]  core.raft: skipping new raft TLS config creation, keys are pending
2021-10-24T18:51:22.360Z [WARN]  core.raft: skipping new raft TLS config creation, keys are pending
2021-10-24T18:56:22.361Z [WARN]  core.raft: skipping new raft TLS config creation, keys are pending
2021-10-24T19:01:22.364Z [WARN]  core.raft: skipping new raft TLS config creation, keys are pending
2021-10-24T19:06:22.366Z [WARN]  core.raft: skipping new raft TLS config creation, keys are pending
2021-10-24T19:11:22.369Z [WARN]  core.raft: skipping new raft TLS config creation, keys are pending
2021-10-24T19:16:22.371Z [WARN]  core.raft: skipping new raft TLS config creation, keys are pending
2021-10-24T19:21:22.373Z [WARN]  core.raft: skipping new raft TLS config creation, keys are pending
2021-10-24T19:26:22.374Z [WARN]  core.raft: skipping new raft TLS config creation, keys are pending
2021-10-24T19:31:22.376Z [WARN]  core.raft: skipping new raft TLS config creation, keys are pending
2021-10-24T19:36:22.376Z [WARN]  core.raft: skipping new raft TLS config creation, keys are pending
2021-10-24T19:41:22.378Z [WARN]  core.raft: skipping new raft TLS config creation, keys are pending
2021-10-24T19:46:22.380Z [WARN]  core.raft: skipping new raft TLS config creation, keys are pending
2021-10-24T19:51:22.382Z [WARN]  core.raft: skipping new raft TLS config creation, keys are pending
2021-10-24T19:56:22.388Z [WARN]  core.raft: skipping new raft TLS config creation, keys are pending
2021-10-24T20:01:22.389Z [WARN]  core.raft: skipping new raft TLS config creation, keys are pending
2021-10-24T20:06:22.391Z [WARN]  core.raft: skipping new raft TLS config creation, keys are pending
2021-10-24T20:11:22.392Z [WARN]  core.raft: skipping new raft TLS config creation, keys are pending
2021-10-24T20:16:22.393Z [WARN]  core.raft: skipping new raft TLS config creation, keys are pending
2021-10-24T20:21:22.394Z [WARN]  core.raft: skipping new raft TLS config creation, keys are pending
2021-10-24T20:26:22.395Z [WARN]  core.raft: skipping new raft TLS config creation, keys are pending
2021-10-24T20:31:22.395Z [WARN]  core.raft: skipping new raft TLS config creation, keys are pending
2021-10-24T20:36:22.398Z [WARN]  core.raft: skipping new raft TLS config creation, keys are pending
2021-10-24T20:41:22.416Z [WARN]  core.raft: skipping new raft TLS config creation, keys are pending
2021-10-24T20:46:22.418Z [WARN]  core.raft: skipping new raft TLS config creation, keys are pending
2021-10-24T20:51:22.421Z [WARN]  core.raft: skipping new raft TLS config creation, keys are pending
2021-10-24T20:56:22.422Z [WARN]  core.raft: skipping new raft TLS config creation, keys are pending
2021-10-24T21:01:22.424Z [WARN]  core.raft: skipping new raft TLS config creation, keys are pending
2021-10-24T21:06:22.425Z [WARN]  core.raft: skipping new raft TLS config creation, keys are pending
2021-10-24T21:11:22.427Z [WARN]  core.raft: skipping new raft TLS config creation, keys are pending
2021-10-24T21:16:22.428Z [WARN]  core.raft: skipping new raft TLS config creation, keys are pending
2021-10-24T21:21:22.429Z [WARN]  core.raft: skipping new raft TLS config creation, keys are pending
2021-10-24T21:26:22.431Z [WARN]  core.raft: skipping new raft TLS config creation, keys are pending
2021-10-24T21:31:22.433Z [WARN]  core.raft: skipping new raft TLS config creation, keys are pending
2021-10-24T21:36:22.433Z [WARN]  core.raft: skipping new raft TLS config creation, keys are pending
2021-10-24T21:41:22.434Z [WARN]  core.raft: skipping new raft TLS config creation, keys are pending
2021-10-24T21:46:22.441Z [WARN]  core.raft: skipping new raft TLS config creation, keys are pending
2021-10-24T21:51:22.443Z [WARN]  core.raft: skipping new raft TLS config creation, keys are pending
2021-10-24T21:56:22.445Z [WARN]  core.raft: skipping new raft TLS config creation, keys are pending
2021-10-24T22:01:22.446Z [WARN]  core.raft: skipping new raft TLS config creation, keys are pending
2021-10-24T22:06:22.447Z [WARN]  core.raft: skipping new raft TLS config creation, keys are pending
2021-10-24T22:11:22.450Z [WARN]  core.raft: skipping new raft TLS config creation, keys are pending
2021-10-24T22:16:22.451Z [WARN]  core.raft: skipping new raft TLS config creation, keys are pending
2021-10-24T22:21:22.453Z [WARN]  core.raft: skipping new raft TLS config creation, keys are pending
2021-10-24T22:26:22.455Z [WARN]  core.raft: skipping new raft TLS config creation, keys are pending
2021-10-24T22:31:22.456Z [WARN]  core.raft: skipping new raft TLS config creation, keys are pending
2021-10-24T22:36:22.458Z [WARN]  core.raft: skipping new raft TLS config creation, keys are pending
2021-10-24T22:41:22.466Z [WARN]  core.raft: skipping new raft TLS config creation, keys are pending
2021-10-24T22:46:22.468Z [WARN]  core.raft: skipping new raft TLS config creation, keys are pending
2021-10-24T22:51:22.469Z [WARN]  core.raft: skipping new raft TLS config creation, keys are pending
2021-10-24T22:56:22.470Z [WARN]  core.raft: skipping new raft TLS config creation, keys are pending
2021-10-24T23:01:22.471Z [WARN]  core.raft: skipping new raft TLS config creation, keys are pending
2021-10-24T23:06:22.472Z [WARN]  core.raft: skipping new raft TLS config creation, keys are pending
2021-10-24T23:11:22.475Z [WARN]  core.raft: skipping new raft TLS config creation, keys are pending
2021-10-24T23:16:22.477Z [WARN]  core.raft: skipping new raft TLS config creation, keys are pending
2021-10-24T23:21:22.479Z [WARN]  core.raft: skipping new raft TLS config creation, keys are pending
2021-10-24T23:26:22.479Z [WARN]  core.raft: skipping new raft TLS config creation, keys are pending
2021-10-24T23:31:22.484Z [WARN]  core.raft: skipping new raft TLS config creation, keys are pending
2021-10-24T23:36:22.484Z [WARN]  core.raft: skipping new raft TLS config creation, keys are pending
2021-10-24T23:41:22.487Z [WARN]  core.raft: skipping new raft TLS config creation, keys are pending
2021-10-24T23:46:22.489Z [WARN]  core.raft: skipping new raft TLS config creation, keys are pending
2021-10-24T23:51:22.491Z [WARN]  core.raft: skipping new raft TLS config creation, keys are pending
2021-10-24T23:56:22.493Z [WARN]  core.raft: skipping new raft TLS config creation, keys are pending
2021-10-25T00:01:22.495Z [WARN]  core.raft: skipping new raft TLS config creation, keys are pending
2021-10-25T00:06:22.496Z [WARN]  core.raft: skipping new raft TLS config creation, keys are pending
2021-10-25T00:11:22.497Z [WARN]  core.raft: skipping new raft TLS config creation, keys are pending
2021-10-25T00:16:22.498Z [WARN]  core.raft: skipping new raft TLS config creation, keys are pending
2021-10-25T00:21:22.501Z [WARN]  core.raft: skipping new raft TLS config creation, keys are pending
2021-10-25T00:26:22.503Z [WARN]  core.raft: skipping new raft TLS config creation, keys are pending
2021-10-25T00:31:22.505Z [WARN]  core.raft: skipping new raft TLS config creation, keys are pending
2021-10-25T00:36:22.506Z [WARN]  core.raft: skipping new raft TLS config creation, keys are pending
2021-10-25T00:41:22.508Z [WARN]  core.raft: skipping new raft TLS config creation, keys are pending
2021-10-25T00:46:22.509Z [WARN]  core.raft: skipping new raft TLS config creation, keys are pending
2021-10-25T00:51:22.509Z [WARN]  core.raft: skipping new raft TLS config creation, keys are pending
2021-10-25T00:56:22.517Z [WARN]  core.raft: skipping new raft TLS config creation, keys are pending
2021-10-25T01:01:22.517Z [WARN]  core.raft: skipping new raft TLS config creation, keys are pending
2021-10-25T01:06:22.519Z [WARN]  core.raft: skipping new raft TLS config creation, keys are pending
2021-10-25T01:11:22.520Z [WARN]  core.raft: skipping new raft TLS config creation, keys are pending
2021-10-25T01:16:22.522Z [WARN]  core.raft: skipping new raft TLS config creation, keys are pending
2021-10-25T01:21:22.523Z [WARN]  core.raft: skipping new raft TLS config creation, keys are pending
2021-10-25T01:26:22.525Z [WARN]  core.raft: skipping new raft TLS config creation, keys are pending
2021-10-25T01:31:22.529Z [WARN]  core.raft: skipping new raft TLS config creation, keys are pending
2021-10-25T01:36:22.532Z [WARN]  core.raft: skipping new raft TLS config creation, keys are pending
2021-10-25T01:41:22.544Z [WARN]  core.raft: skipping new raft TLS config creation, keys are pending
2021-10-25T01:46:22.548Z [WARN]  core.raft: skipping new raft TLS config creation, keys are pending
2021-10-25T01:51:22.551Z [WARN]  core.raft: skipping new raft TLS config creation, keys are pending
2021-10-25T01:56:22.554Z [WARN]  core.raft: skipping new raft TLS config creation, keys are pending
2021-10-25T02:01:22.561Z [WARN]  core.raft: skipping new raft TLS config creation, keys are pending
2021-10-25T02:06:22.562Z [WARN]  core.raft: skipping new raft TLS config creation, keys are pending
2021-10-25T02:11:22.563Z [WARN]  core.raft: skipping new raft TLS config creation, keys are pending
2021-10-25T02:16:22.565Z [WARN]  core.raft: skipping new raft TLS config creation, keys are pending
2021-10-25T02:21:22.565Z [WARN]  core.raft: skipping new raft TLS config creation, keys are pending
2021-10-25T02:26:22.567Z [WARN]  core.raft: skipping new raft TLS config creation, keys are pending
2021-10-25T02:31:22.568Z [WARN]  core.raft: skipping new raft TLS config creation, keys are pending
2021-10-25T02:36:22.569Z [WARN]  core.raft: skipping new raft TLS config creation, keys are pending
2021-10-25T02:41:22.572Z [WARN]  core.raft: skipping new raft TLS config creation, keys are pending
2021-10-25T02:46:22.573Z [WARN]  core.raft: skipping new raft TLS config creation, keys are pending
2021-10-25T02:51:22.575Z [WARN]  core.raft: skipping new raft TLS config creation, keys are pending
2021-10-25T02:56:22.577Z [WARN]  core.raft: skipping new raft TLS config creation, keys are pending
2021-10-25T03:01:22.580Z [WARN]  core.raft: skipping new raft TLS config creation, keys are pending
2021-10-25T03:06:22.583Z [WARN]  core.raft: skipping new raft TLS config creation, keys are pending
2021-10-25T03:11:22.585Z [WARN]  core.raft: skipping new raft TLS config creation, keys are pending
2021-10-25T03:16:22.586Z [WARN]  core.raft: skipping new raft TLS config creation, keys are pending
2021-10-25T03:21:22.588Z [WARN]  core.raft: skipping new raft TLS config creation, keys are pending
2021-10-25T03:26:22.600Z [WARN]  core.raft: skipping new raft TLS config creation, keys are pending
2021-10-25T03:31:22.602Z [WARN]  core.raft: skipping new raft TLS config creation, keys are pending
2021-10-25T03:36:22.603Z [WARN]  core.raft: skipping new raft TLS config creation, keys are pending
2021-10-25T03:41:22.604Z [WARN]  core.raft: skipping new raft TLS config creation, keys are pending
2021-10-25T03:46:22.607Z [WARN]  core.raft: skipping new raft TLS config creation, keys are pending
2021-10-25T03:51:22.608Z [WARN]  core.raft: skipping new raft TLS config creation, keys are pending
2021-10-25T03:56:22.612Z [WARN]  core.raft: skipping new raft TLS config creation, keys are pending
2021-10-25T04:01:22.613Z [WARN]  core.raft: skipping new raft TLS config creation, keys are pending
2021-10-25T04:06:22.615Z [WARN]  core.raft: skipping new raft TLS config creation, keys are pending
2021-10-25T04:11:22.616Z [WARN]  core.raft: skipping new raft TLS config creation, keys are pending
2021-10-25T04:16:22.620Z [WARN]  core.raft: skipping new raft TLS config creation, keys are pending
2021-10-25T04:21:22.621Z [WARN]  core.raft: skipping new raft TLS config creation, keys are pending
2021-10-25T04:26:22.622Z [WARN]  core.raft: skipping new raft TLS config creation, keys are pending
2021-10-25T04:31:22.624Z [WARN]  core.raft: skipping new raft TLS config creation, keys are pending
2021-10-25T04:36:22.625Z [WARN]  core.raft: skipping new raft TLS config creation, keys are pending
2021-10-25T04:41:22.628Z [WARN]  core.raft: skipping new raft TLS config creation, keys are pending
2021-10-25T04:46:22.632Z [WARN]  core.raft: skipping new raft TLS config creation, keys are pending
2021-10-25T04:51:22.645Z [WARN]  core.raft: skipping new raft TLS config creation, keys are pending
2021-10-25T04:56:22.646Z [WARN]  core.raft: skipping new raft TLS config creation, keys are pending
2021-10-25T05:01:22.647Z [WARN]  core.raft: skipping new raft TLS config creation, keys are pending
2021-10-25T05:06:22.649Z [WARN]  core.raft: skipping new raft TLS config creation, keys are pending
2021-10-25T05:11:22.651Z [WARN]  core.raft: skipping new raft TLS config creation, keys are pending
2021-10-25T05:16:22.656Z [WARN]  core.raft: skipping new raft TLS config creation, keys are pending
2021-10-25T05:21:22.658Z [WARN]  core.raft: skipping new raft TLS config creation, keys are pending
2021-10-25T05:26:22.659Z [WARN]  core.raft: skipping new raft TLS config creation, keys are pending
2021-10-25T05:31:22.664Z [WARN]  core.raft: skipping new raft TLS config creation, keys are pending
2021-10-25T05:36:22.668Z [WARN]  core.raft: skipping new raft TLS config creation, keys are pending
2021-10-25T05:41:22.669Z [WARN]  core.raft: skipping new raft TLS config creation, keys are pending
2021-10-25T05:46:22.670Z [WARN]  core.raft: skipping new raft TLS config creation, keys are pending
2021-10-25T05:51:22.677Z [WARN]  core.raft: skipping new raft TLS config creation, keys are pending
2021-10-25T05:56:22.679Z [WARN]  core.raft: skipping new raft TLS config creation, keys are pending
2021-10-25T06:01:22.680Z [WARN]  core.raft: skipping new raft TLS config creation, keys are pending
2021-10-25T06:06:22.681Z [WARN]  core.raft: skipping new raft TLS config creation, keys are pending
2021-10-25T06:11:22.682Z [WARN]  core.raft: skipping new raft TLS config creation, keys are pending
2021-10-25T06:16:22.690Z [WARN]  core.raft: skipping new raft TLS config creation, keys are pending
2021-10-25T06:21:22.691Z [WARN]  core.raft: skipping new raft TLS config creation, keys are pending
2021-10-25T06:26:22.693Z [WARN]  core.raft: skipping new raft TLS config creation, keys are pending
2021-10-25T06:31:22.694Z [WARN]  core.raft: skipping new raft TLS config creation, keys are pending
2021-10-25T06:36:22.694Z [WARN]  core.raft: skipping new raft TLS config creation, keys are pending
2021-10-25T06:41:22.696Z [WARN]  core.raft: skipping new raft TLS config creation, keys are pending
2021-10-25T06:46:22.697Z [WARN]  core.raft: skipping new raft TLS config creation, keys are pending
2021-10-25T06:51:22.699Z [WARN]  core.raft: skipping new raft TLS config creation, keys are pending
2021-10-25T06:56:22.700Z [WARN]  core.raft: skipping new raft TLS config creation, keys are pending
2021-10-25T07:01:22.703Z [WARN]  core.raft: skipping new raft TLS config creation, keys are pending
2021-10-25T07:06:22.705Z [WARN]  core.raft: skipping new raft TLS config creation, keys are pending
2021-10-25T07:11:22.716Z [WARN]  core.raft: skipping new raft TLS config creation, keys are pending
2021-10-25T07:16:22.718Z [WARN]  core.raft: skipping new raft TLS config creation, keys are pending
2021-10-25T07:21:22.719Z [WARN]  core.raft: skipping new raft TLS config creation, keys are pending
2021-10-25T07:26:22.723Z [WARN]  core.raft: skipping new raft TLS config creation, keys are pending
2021-10-25T07:31:22.724Z [WARN]  core.raft: skipping new raft TLS config creation, keys are pending
2021-10-25T07:36:22.734Z [WARN]  core.raft: skipping new raft TLS config creation, keys are pending
2021-10-25T07:41:22.741Z [WARN]  core.raft: skipping new raft TLS config creation, keys are pending
2021-10-25T07:46:22.745Z [WARN]  core.raft: skipping new raft TLS config creation, keys are pending
2021-10-25T07:51:22.758Z [WARN]  core.raft: skipping new raft TLS config creation, keys are pending
2021-10-25T07:56:22.759Z [WARN]  core.raft: skipping new raft TLS config creation, keys are pending
2021-10-25T08:01:22.761Z [WARN]  core.raft: skipping new raft TLS config creation, keys are pending
2021-10-25T08:06:22.762Z [WARN]  core.raft: skipping new raft TLS config creation, keys are pending
2021-10-25T08:11:22.763Z [WARN]  core.raft: skipping new raft TLS config creation, keys are pending
2021-10-25T08:16:22.774Z [WARN]  core.raft: skipping new raft TLS config creation, keys are pending
2021-10-25T08:21:22.775Z [WARN]  core.raft: skipping new raft TLS config creation, keys are pending
2021-10-25T08:26:22.776Z [WARN]  core.raft: skipping new raft TLS config creation, keys are pending
2021-10-25T08:31:22.784Z [WARN]  core.raft: skipping new raft TLS config creation, keys are pending
2021-10-25T08:36:22.788Z [WARN]  core.raft: skipping new raft TLS config creation, keys are pending
2021-10-25T08:41:22.790Z [WARN]  core.raft: skipping new raft TLS config creation, keys are pending
2021-10-25T08:46:22.791Z [WARN]  core.raft: skipping new raft TLS config creation, keys are pending
2021-10-25T08:51:22.792Z [WARN]  core.raft: skipping new raft TLS config creation, keys are pending
2021-10-25T08:56:22.793Z [WARN]  core.raft: skipping new raft TLS config creation, keys are pending
2021-10-25T09:01:22.797Z [WARN]  core.raft: skipping new raft TLS config creation, keys are pending
2021-10-25T09:06:22.808Z [WARN]  core.raft: skipping new raft TLS config creation, keys are pending
2021-10-25T09:11:22.810Z [WARN]  core.raft: skipping new raft TLS config creation, keys are pending
2021-10-25T09:16:22.821Z [WARN]  core.raft: skipping new raft TLS config creation, keys are pending
2021-10-25T09:21:22.822Z [WARN]  core.raft: skipping new raft TLS config creation, keys are pending
2021-10-25T09:26:22.838Z [WARN]  core.raft: skipping new raft TLS config creation, keys are pending
2021-10-25T09:31:22.838Z [WARN]  core.raft: skipping new raft TLS config creation, keys are pending
2021-10-25T09:36:22.839Z [WARN]  core.raft: skipping new raft TLS config creation, keys are pending
2021-10-25T09:41:22.840Z [WARN]  core.raft: skipping new raft TLS config creation, keys are pending
2021-10-25T09:46:22.843Z [WARN]  core.raft: skipping new raft TLS config creation, keys are pending
2021-10-25T09:51:22.844Z [WARN]  core.raft: skipping new raft TLS config creation, keys are pending
2021-10-25T09:56:22.845Z [WARN]  core.raft: skipping new raft TLS config creation, keys are pending
2021-10-25T10:01:22.845Z [WARN]  core.raft: skipping new raft TLS config creation, keys are pending
2021-10-25T10:06:22.847Z [WARN]  core.raft: skipping new raft TLS config creation, keys are pending
2021-10-25T10:11:22.848Z [WARN]  core.raft: skipping new raft TLS config creation, keys are pending
2021-10-25T10:16:22.850Z [WARN]  core.raft: skipping new raft TLS config creation, keys are pending
2021-10-25T10:21:22.851Z [WARN]  core.raft: skipping new raft TLS config creation, keys are pending
2021-10-25T10:26:22.852Z [WARN]  core.raft: skipping new raft TLS config creation, keys are pending
2021-10-25T10:31:22.855Z [WARN]  core.raft: skipping new raft TLS config creation, keys are pending
2021-10-25T10:36:22.860Z [WARN]  core.raft: skipping new raft TLS config creation, keys are pending
2021-10-25T10:41:22.864Z [WARN]  core.raft: skipping new raft TLS config creation, keys are pending
2021-10-25T10:46:22.865Z [WARN]  core.raft: skipping new raft TLS config creation, keys are pending
2021-10-25T10:51:22.865Z [WARN]  core.raft: skipping new raft TLS config creation, keys are pending
2021-10-25T10:56:22.867Z [WARN]  core.raft: skipping new raft TLS config creation, keys are pending
2021-10-25T11:01:22.870Z [WARN]  core.raft: skipping new raft TLS config creation, keys are pending
2021-10-25T11:06:22.872Z [WARN]  core.raft: skipping new raft TLS config creation, keys are pending
2021-10-25T11:11:22.878Z [WARN]  core.raft: skipping new raft TLS config creation, keys are pending
2021-10-25T11:16:22.888Z [WARN]  core.raft: skipping new raft TLS config creation, keys are pending
2021-10-25T14:11:54.615Z [WARN]  core.raft: skipping new raft TLS config creation, keys are pending
2021-10-25T14:16:54.617Z [WARN]  core.raft: skipping new raft TLS config creation, keys are pending
2021-10-25T14:21:54.618Z [WARN]  core.raft: skipping new raft TLS config creation, keys are pending
2021-10-25T14:26:54.623Z [WARN]  core.raft: skipping new raft TLS config creation, keys are pending
2021-10-25T14:31:54.625Z [WARN]  core.raft: skipping new raft TLS config creation, keys are pending
2021-10-25T14:33:32.782Z [INFO]  expiration: revoked lease: lease_id=auth/token/create/h8339e59fb8c51683b5d9827f379fce97af1040bf93eff91232bc610a94b18be5
2021-10-25T14:36:54.627Z [WARN]  core.raft: skipping new raft TLS config creation, keys are pending
2021-10-25T14:41:54.630Z [WARN]  core.raft: skipping new raft TLS config creation, keys are pending
2021-10-25T14:46:54.633Z [WARN]  core.raft: skipping new raft TLS config creation, keys are pending
2021-10-25T14:51:54.634Z [WARN]  core.raft: skipping new raft TLS config creation, keys are pending
2021-10-25T14:56:54.635Z [WARN]  core.raft: skipping new raft TLS config creation, keys are pending
2021-10-25T15:01:54.637Z [WARN]  core.raft: skipping new raft TLS config creation, keys are pending
2021-10-25T15:06:54.637Z [WARN]  core.raft: skipping new raft TLS config creation, keys are pending
2021-10-25T15:11:54.641Z [WARN]  core.raft: skipping new raft TLS config creation, keys are pending
2021-10-25T15:16:54.643Z [WARN]  core.raft: skipping new raft TLS config creation, keys are pending
2021-10-25T15:21:54.649Z [WARN]  core.raft: skipping new raft TLS config creation, keys are pending
2021-10-25T15:26:54.650Z [WARN]  core.raft: skipping new raft TLS config creation, keys are pending
2021-10-25T15:31:54.653Z [WARN]  core.raft: skipping new raft TLS config creation, keys are pending
2021-10-25T15:36:54.658Z [WARN]  core.raft: skipping new raft TLS config creation, keys are pending
2021-10-25T15:41:54.659Z [WARN]  core.raft: skipping new raft TLS config creation, keys are pending
2021-10-25T15:46:54.661Z [WARN]  core.raft: skipping new raft TLS config creation, keys are pending
2021-10-25T15:51:54.666Z [WARN]  core.raft: skipping new raft TLS config creation, keys are pending
2021-10-25T15:56:54.668Z [WARN]  core.raft: skipping new raft TLS config creation, keys are pending
2021-10-25T16:01:54.671Z [WARN]  core.raft: skipping new raft TLS config creation, keys are pending
2021-10-25T16:06:54.675Z [WARN]  core.raft: skipping new raft TLS config creation, keys are pending
2021-10-25T16:11:54.677Z [WARN]  core.raft: skipping new raft TLS config creation, keys are pending
2021-10-25T16:16:54.680Z [WARN]  core.raft: skipping new raft TLS config creation, keys are pending
2021-10-25T16:21:54.682Z [WARN]  core.raft: skipping new raft TLS config creation, keys are pending
2021-10-25T16:26:54.683Z [WARN]  core.raft: skipping new raft TLS config creation, keys are pending
2021-10-25T16:31:54.685Z [WARN]  core.raft: skipping new raft TLS config creation, keys are pending
2021-10-25T16:36:54.687Z [WARN]  core.raft: skipping new raft TLS config creation, keys are pending
2021-10-25T16:41:54.690Z [WARN]  core.raft: skipping new raft TLS config creation, keys are pending
2021-10-25T16:46:54.694Z [WARN]  core.raft: skipping new raft TLS config creation, keys are pending
2021-10-25T16:51:54.696Z [WARN]  core.raft: skipping new raft TLS config creation, keys are pending
2021-10-25T16:56:54.697Z [WARN]  core.raft: skipping new raft TLS config creation, keys are pending
2021-10-25T17:01:54.698Z [WARN]  core.raft: skipping new raft TLS config creation, keys are pending
2021-10-25T17:06:54.707Z [WARN]  core.raft: skipping new raft TLS config creation, keys are pending
2021-10-25T17:11:54.714Z [WARN]  core.raft: skipping new raft TLS config creation, keys are pending
2021-10-25T17:16:54.716Z [WARN]  core.raft: skipping new raft TLS config creation, keys are pending
2021-10-25T17:21:54.717Z [WARN]  core.raft: skipping new raft TLS config creation, keys are pending
2021-10-25T17:26:54.718Z [WARN]  core.raft: skipping new raft TLS config creation, keys are pending
2021-10-25T17:31:54.720Z [WARN]  core.raft: skipping new raft TLS config creation, keys are pending
2021-10-25T17:36:54.722Z [WARN]  core.raft: skipping new raft TLS config creation, keys are pending
2021-10-25T17:41:54.723Z [WARN]  core.raft: skipping new raft TLS config creation, keys are pending
2021-10-25T17:46:54.724Z [WARN]  core.raft: skipping new raft TLS config creation, keys are pending
2021-10-25T17:51:54.725Z [WARN]  core.raft: skipping new raft TLS config creation, keys are pending
2021-10-25T17:56:54.728Z [WARN]  core.raft: skipping new raft TLS config creation, keys are pending
2021-10-25T18:01:54.729Z [WARN]  core.raft: skipping new raft TLS config creation, keys are pending
2021-10-25T18:06:54.730Z [WARN]  core.raft: skipping new raft TLS config creation, keys are pending
2021-10-25T18:11:54.731Z [WARN]  core.raft: skipping new raft TLS config creation, keys are pending
2021-10-25T18:16:54.734Z [WARN]  core.raft: skipping new raft TLS config creation, keys are pending
2021-10-25T18:21:54.735Z [WARN]  core.raft: skipping new raft TLS config creation, keys are pending
2021-10-25T18:26:54.737Z [WARN]  core.raft: skipping new raft TLS config creation, keys are pending
2021-10-25T18:31:54.738Z [WARN]  core.raft: skipping new raft TLS config creation, keys are pending
2021-10-25T18:36:54.740Z [WARN]  core.raft: skipping new raft TLS config creation, keys are pending
2021-10-25T18:41:54.741Z [WARN]  core.raft: skipping new raft TLS config creation, keys are pending
2021-10-25T18:46:54.741Z [WARN]  core.raft: skipping new raft TLS config creation, keys are pending
2021-10-25T18:51:54.743Z [WARN]  core.raft: skipping new raft TLS config creation, keys are pending
2021-10-25T18:56:54.744Z [WARN]  core.raft: skipping new raft TLS config creation, keys are pending
2021-10-25T19:01:54.746Z [WARN]  core.raft: skipping new raft TLS config creation, keys are pending
2021-10-25T19:06:54.747Z [WARN]  core.raft: skipping new raft TLS config creation, keys are pending
2021-10-25T19:11:54.750Z [WARN]  core.raft: skipping new raft TLS config creation, keys are pending
2021-10-25T19:16:54.751Z [WARN]  core.raft: skipping new raft TLS config creation, keys are pending
2021-10-25T19:21:54.752Z [WARN]  core.raft: skipping new raft TLS config creation, keys are pending
2021-10-25T19:26:54.754Z [WARN]  core.raft: skipping new raft TLS config creation, keys are pending
2021-10-25T19:31:54.755Z [WARN]  core.raft: skipping new raft TLS config creation, keys are pending
2021-10-25T19:36:54.756Z [WARN]  core.raft: skipping new raft TLS config creation, keys are pending
2021-10-25T19:41:54.757Z [WARN]  core.raft: skipping new raft TLS config creation, keys are pending
2021-10-25T19:46:54.758Z [WARN]  core.raft: skipping new raft TLS config creation, keys are pending
2021-10-25T19:51:54.763Z [WARN]  core.raft: skipping new raft TLS config creation, keys are pending
2021-10-25T19:56:54.766Z [WARN]  core.raft: skipping new raft TLS config creation, keys are pending
2021-10-25T20:01:54.766Z [WARN]  core.raft: skipping new raft TLS config creation, keys are pending
2021-10-25T20:06:54.771Z [WARN]  core.raft: skipping new raft TLS config creation, keys are pending
2021-10-25T20:11:54.772Z [WARN]  core.raft: skipping new raft TLS config creation, keys are pending
2021-10-25T20:16:54.774Z [WARN]  core.raft: skipping new raft TLS config creation, keys are pending
2021-10-25T20:21:54.775Z [WARN]  core.raft: skipping new raft TLS config creation, keys are pending
2021-10-25T20:26:54.775Z [WARN]  core.raft: skipping new raft TLS config creation, keys are pending
2021-10-25T20:31:54.777Z [WARN]  core.raft: skipping new raft TLS config creation, keys are pending
2021-10-25T20:36:54.779Z [WARN]  core.raft: skipping new raft TLS config creation, keys are pending
2021-10-25T20:41:54.783Z [WARN]  core.raft: skipping new raft TLS config creation, keys are pending
2021-10-25T20:46:54.785Z [WARN]  core.raft: skipping new raft TLS config creation, keys are pending
2021-10-25T20:51:54.786Z [WARN]  core.raft: skipping new raft TLS config creation, keys are pending
2021-10-25T20:56:54.787Z [WARN]  core.raft: skipping new raft TLS config creation, keys are pending
2021-10-25T21:01:54.790Z [WARN]  core.raft: skipping new raft TLS config creation, keys are pending
2021-10-25T21:06:54.791Z [WARN]  core.raft: skipping new raft TLS config creation, keys are pending
2021-10-25T21:11:54.792Z [WARN]  core.raft: skipping new raft TLS config creation, keys are pending
2021-10-25T21:16:54.793Z [WARN]  core.raft: skipping new raft TLS config creation, keys are pending
2021-10-25T21:21:54.794Z [WARN]  core.raft: skipping new raft TLS config creation, keys are pending
2021-10-25T21:26:54.799Z [WARN]  core.raft: skipping new raft TLS config creation, keys are pending
2021-10-25T21:31:54.801Z [WARN]  core.raft: skipping new raft TLS config creation, keys are pending
2021-10-25T21:36:54.802Z [WARN]  core.raft: skipping new raft TLS config creation, keys are pending
2021-10-25T21:41:54.805Z [WARN]  core.raft: skipping new raft TLS config creation, keys are pending
2021-10-25T21:46:54.806Z [WARN]  core.raft: skipping new raft TLS config creation, keys are pending
2021-10-25T21:51:54.808Z [WARN]  core.raft: skipping new raft TLS config creation, keys are pending
2021-10-25T21:56:54.810Z [WARN]  core.raft: skipping new raft TLS config creation, keys are pending
2021-10-25T22:01:54.811Z [WARN]  core.raft: skipping new raft TLS config creation, keys are pending
2021-10-25T22:06:54.812Z [WARN]  core.raft: skipping new raft TLS config creation, keys are pending
2021-10-25T22:11:54.813Z [WARN]  core.raft: skipping new raft TLS config creation, keys are pending
2021-10-25T22:16:54.815Z [WARN]  core.raft: skipping new raft TLS config creation, keys are pending
2021-10-25T22:21:54.818Z [WARN]  core.raft: skipping new raft TLS config creation, keys are pending
2021-10-25T22:26:54.820Z [WARN]  core.raft: skipping new raft TLS config creation, keys are pending
2021-10-25T22:31:54.821Z [WARN]  core.raft: skipping new raft TLS config creation, keys are pending
2021-10-25T22:36:54.823Z [WARN]  core.raft: skipping new raft TLS config creation, keys are pending
2021-10-25T22:41:54.823Z [WARN]  core.raft: skipping new raft TLS config creation, keys are pending
2021-10-25T22:46:54.825Z [WARN]  core.raft: skipping new raft TLS config creation, keys are pending
2021-10-25T22:51:54.828Z [WARN]  core.raft: skipping new raft TLS config creation, keys are pending
2021-10-25T22:56:54.830Z [WARN]  core.raft: skipping new raft TLS config creation, keys are pending
2021-10-25T23:01:54.835Z [WARN]  core.raft: skipping new raft TLS config creation, keys are pending
2021-10-25T23:06:54.837Z [WARN]  core.raft: skipping new raft TLS config creation, keys are pending
2021-10-25T23:11:54.841Z [WARN]  core.raft: skipping new raft TLS config creation, keys are pending
2021-10-25T23:16:54.843Z [WARN]  core.raft: skipping new raft TLS config creation, keys are pending
2021-10-25T23:21:54.846Z [WARN]  core.raft: skipping new raft TLS config creation, keys are pending
2021-10-25T23:26:54.848Z [WARN]  core.raft: skipping new raft TLS config creation, keys are pending
2021-10-25T23:31:54.848Z [WARN]  core.raft: skipping new raft TLS config creation, keys are pending
2021-10-25T23:36:54.849Z [WARN]  core.raft: skipping new raft TLS config creation, keys are pending
2021-10-25T23:41:54.850Z [WARN]  core.raft: skipping new raft TLS config creation, keys are pending
2021-10-25T23:46:54.851Z [WARN]  core.raft: skipping new raft TLS config creation, keys are pending
2021-10-25T23:51:54.855Z [WARN]  core.raft: skipping new raft TLS config creation, keys are pending
2021-10-25T23:56:54.856Z [WARN]  core.raft: skipping new raft TLS config creation, keys are pending
2021-10-26T00:01:54.859Z [WARN]  core.raft: skipping new raft TLS config creation, keys are pending
2021-10-26T00:06:54.862Z [WARN]  core.raft: skipping new raft TLS config creation, keys are pending
2021-10-26T00:11:54.865Z [WARN]  core.raft: skipping new raft TLS config creation, keys are pending
2021-10-26T00:16:54.867Z [WARN]  core.raft: skipping new raft TLS config creation, keys are pending
2021-10-26T00:21:54.868Z [WARN]  core.raft: skipping new raft TLS config creation, keys are pending
2021-10-26T00:26:54.870Z [WARN]  core.raft: skipping new raft TLS config creation, keys are pending
2021-10-26T00:31:54.872Z [WARN]  core.raft: skipping new raft TLS config creation, keys are pending
2021-10-26T00:36:54.874Z [WARN]  core.raft: skipping new raft TLS config creation, keys are pending
2021-10-26T00:41:54.877Z [WARN]  core.raft: skipping new raft TLS config creation, keys are pending
2021-10-26T00:46:54.879Z [WARN]  core.raft: skipping new raft TLS config creation, keys are pending
2021-10-26T00:51:54.881Z [WARN]  core.raft: skipping new raft TLS config creation, keys are pending
2021-10-26T00:56:54.882Z [WARN]  core.raft: skipping new raft TLS config creation, keys are pending
2021-10-26T01:01:54.883Z [WARN]  core.raft: skipping new raft TLS config creation, keys are pending
2021-10-26T01:06:54.887Z [WARN]  core.raft: skipping new raft TLS config creation, keys are pending
2021-10-26T01:11:54.892Z [WARN]  core.raft: skipping new raft TLS config creation, keys are pending
2021-10-26T01:16:54.892Z [WARN]  core.raft: skipping new raft TLS config creation, keys are pending
2021-10-26T01:21:54.894Z [WARN]  core.raft: skipping new raft TLS config creation, keys are pending
2021-10-26T01:26:54.895Z [WARN]  core.raft: skipping new raft TLS config creation, keys are pending
2021-10-26T01:31:54.899Z [WARN]  core.raft: skipping new raft TLS config creation, keys are pending
2021-10-26T01:36:54.905Z [WARN]  core.raft: skipping new raft TLS config creation, keys are pending
2021-10-26T01:41:54.907Z [WARN]  core.raft: skipping new raft TLS config creation, keys are pending
2021-10-26T01:46:54.908Z [WARN]  core.raft: skipping new raft TLS config creation, keys are pending
2021-10-26T01:51:54.912Z [WARN]  core.raft: skipping new raft TLS config creation, keys are pending
2021-10-26T01:56:54.914Z [WARN]  core.raft: skipping new raft TLS config creation, keys are pending
2021-10-26T02:01:54.915Z [WARN]  core.raft: skipping new raft TLS config creation, keys are pending
2021-10-26T02:06:54.917Z [WARN]  core.raft: skipping new raft TLS config creation, keys are pending
2021-10-26T02:11:54.918Z [WARN]  core.raft: skipping new raft TLS config creation, keys are pending
2021-10-26T02:16:54.921Z [WARN]  core.raft: skipping new raft TLS config creation, keys are pending
2021-10-26T02:21:54.949Z [WARN]  core.raft: skipping new raft TLS config creation, keys are pending
2021-10-26T02:26:54.950Z [WARN]  core.raft: skipping new raft TLS config creation, keys are pending
2021-10-26T02:31:54.952Z [WARN]  core.raft: skipping new raft TLS config creation, keys are pending
2021-10-26T02:36:54.953Z [WARN]  core.raft: skipping new raft TLS config creation, keys are pending
2021-10-26T02:41:54.955Z [WARN]  core.raft: skipping new raft TLS config creation, keys are pending
2021-10-26T02:46:54.955Z [WARN]  core.raft: skipping new raft TLS config creation, keys are pending
2021-10-26T02:51:54.957Z [WARN]  core.raft: skipping new raft TLS config creation, keys are pending
2021-10-26T02:56:54.961Z [WARN]  core.raft: skipping new raft TLS config creation, keys are pending
2021-10-26T03:01:54.963Z [WARN]  core.raft: skipping new raft TLS config creation, keys are pending
2021-10-26T03:06:54.966Z [WARN]  core.raft: skipping new raft TLS config creation, keys are pending
2021-10-26T03:11:54.970Z [WARN]  core.raft: skipping new raft TLS config creation, keys are pending
2021-10-26T03:16:54.972Z [WARN]  core.raft: skipping new raft TLS config creation, keys are pending
2021-10-26T03:21:54.973Z [WARN]  core.raft: skipping new raft TLS config creation, keys are pending
2021-10-26T03:26:54.975Z [WARN]  core.raft: skipping new raft TLS config creation, keys are pending
2021-10-26T03:31:54.975Z [WARN]  core.raft: skipping new raft TLS config creation, keys are pending
2021-10-26T03:36:54.976Z [WARN]  core.raft: skipping new raft TLS config creation, keys are pending
2021-10-26T03:41:54.976Z [WARN]  core.raft: skipping new raft TLS config creation, keys are pending
2021-10-26T03:46:54.978Z [WARN]  core.raft: skipping new raft TLS config creation, keys are pending
2021-10-26T03:51:54.978Z [WARN]  core.raft: skipping new raft TLS config creation, keys are pending
2021-10-26T03:56:54.979Z [WARN]  core.raft: skipping new raft TLS config creation, keys are pending
2021-10-26T04:01:54.982Z [WARN]  core.raft: skipping new raft TLS config creation, keys are pending
2021-10-26T04:06:54.984Z [WARN]  core.raft: skipping new raft TLS config creation, keys are pending
2021-10-26T04:11:55.002Z [WARN]  core.raft: skipping new raft TLS config creation, keys are pending
2021-10-26T04:16:55.002Z [WARN]  core.raft: skipping new raft TLS config creation, keys are pending
2021-10-26T04:21:55.011Z [WARN]  core.raft: skipping new raft TLS config creation, keys are pending
2021-10-26T04:26:55.015Z [WARN]  core.raft: skipping new raft TLS config creation, keys are pending
2021-10-26T04:31:55.022Z [WARN]  core.raft: skipping new raft TLS config creation, keys are pending
2021-10-26T04:36:55.024Z [WARN]  core.raft: skipping new raft TLS config creation, keys are pending
2021-10-26T04:41:55.025Z [WARN]  core.raft: skipping new raft TLS config creation, keys are pending
2021-10-26T04:46:55.026Z [WARN]  core.raft: skipping new raft TLS config creation, keys are pending
2021-10-26T04:51:55.030Z [WARN]  core.raft: skipping new raft TLS config creation, keys are pending
2021-10-26T04:56:55.030Z [WARN]  core.raft: skipping new raft TLS config creation, keys are pending
2021-10-26T05:01:55.032Z [WARN]  core.raft: skipping new raft TLS config creation, keys are pending
2021-10-26T05:06:55.032Z [WARN]  core.raft: skipping new raft TLS config creation, keys are pending
2021-10-26T05:11:55.034Z [WARN]  core.raft: skipping new raft TLS config creation, keys are pending
2021-10-26T05:16:55.046Z [WARN]  core.raft: skipping new raft TLS config creation, keys are pending
2021-10-26T05:21:55.047Z [WARN]  core.raft: skipping new raft TLS config creation, keys are pending
2021-10-26T05:26:55.047Z [WARN]  core.raft: skipping new raft TLS config creation, keys are pending
2021-10-26T05:31:55.050Z [WARN]  core.raft: skipping new raft TLS config creation, keys are pending
2021-10-26T05:36:55.052Z [WARN]  core.raft: skipping new raft TLS config creation, keys are pending
2021-10-26T05:41:55.053Z [WARN]  core.raft: skipping new raft TLS config creation, keys are pending
2021-10-26T05:46:55.054Z [WARN]  core.raft: skipping new raft TLS config creation, keys are pending
2021-10-26T05:51:55.058Z [WARN]  core.raft: skipping new raft TLS config creation, keys are pending
2021-10-26T05:56:55.059Z [WARN]  core.raft: skipping new raft TLS config creation, keys are pending
2021-10-26T06:01:55.060Z [WARN]  core.raft: skipping new raft TLS config creation, keys are pending
2021-10-26T06:06:55.061Z [WARN]  core.raft: skipping new raft TLS config creation, keys are pending
2021-10-26T06:11:55.065Z [WARN]  core.raft: skipping new raft TLS config creation, keys are pending
2021-10-26T06:16:55.066Z [WARN]  core.raft: skipping new raft TLS config creation, keys are pending
2021-10-26T06:21:55.066Z [WARN]  core.raft: skipping new raft TLS config creation, keys are pending
2021-10-26T06:26:55.067Z [WARN]  core.raft: skipping new raft TLS config creation, keys are pending
2021-10-26T06:31:55.070Z [WARN]  core.raft: skipping new raft TLS config creation, keys are pending
2021-10-26T06:36:55.071Z [WARN]  core.raft: skipping new raft TLS config creation, keys are pending
2021-10-26T06:41:55.074Z [WARN]  core.raft: skipping new raft TLS config creation, keys are pending
2021-10-26T06:46:55.075Z [WARN]  core.raft: skipping new raft TLS config creation, keys are pending
2021-10-26T06:51:55.076Z [WARN]  core.raft: skipping new raft TLS config creation, keys are pending
2021-10-26T06:56:55.077Z [WARN]  core.raft: skipping new raft TLS config creation, keys are pending
2021-10-26T07:01:55.077Z [WARN]  core.raft: skipping new raft TLS config creation, keys are pending
2021-10-26T07:06:55.078Z [WARN]  core.raft: skipping new raft TLS config creation, keys are pending
2021-10-26T07:11:55.079Z [WARN]  core.raft: skipping new raft TLS config creation, keys are pending
2021-10-26T07:16:55.081Z [WARN]  core.raft: skipping new raft TLS config creation, keys are pending
2021-10-26T07:21:55.081Z [WARN]  core.raft: skipping new raft TLS config creation, keys are pending
2021-10-26T07:26:55.083Z [WARN]  core.raft: skipping new raft TLS config creation, keys are pending
2021-10-26T07:31:55.084Z [WARN]  core.raft: skipping new raft TLS config creation, keys are pending
2021-10-26T07:36:55.086Z [WARN]  core.raft: skipping new raft TLS config creation, keys are pending
2021-10-26T07:41:55.088Z [WARN]  core.raft: skipping new raft TLS config creation, keys are pending
2021-10-26T07:46:55.090Z [WARN]  core.raft: skipping new raft TLS config creation, keys are pending
2021-10-26T07:51:55.094Z [WARN]  core.raft: skipping new raft TLS config creation, keys are pending
2021-10-26T07:56:55.095Z [WARN]  core.raft: skipping new raft TLS config creation, keys are pending
2021-10-26T08:01:55.096Z [WARN]  core.raft: skipping new raft TLS config creation, keys are pending
2021-10-26T08:06:55.096Z [WARN]  core.raft: skipping new raft TLS config creation, keys are pending
2021-10-26T08:11:55.098Z [WARN]  core.raft: skipping new raft TLS config creation, keys are pending
2021-10-26T08:16:55.099Z [WARN]  core.raft: skipping new raft TLS config creation, keys are pending
2021-10-26T08:21:55.101Z [WARN]  core.raft: skipping new raft TLS config creation, keys are pending
2021-10-26T08:26:55.106Z [WARN]  core.raft: skipping new raft TLS config creation, keys are pending
2021-10-26T08:31:55.107Z [WARN]  core.raft: skipping new raft TLS config creation, keys are pending
2021-10-26T08:36:55.109Z [WARN]  core.raft: skipping new raft TLS config creation, keys are pending
2021-10-26T08:41:55.114Z [WARN]  core.raft: skipping new raft TLS config creation, keys are pending
2021-10-26T08:46:55.116Z [WARN]  core.raft: skipping new raft TLS config creation, keys are pending
2021-10-26T08:51:55.118Z [WARN]  core.raft: skipping new raft TLS config creation, keys are pending
2021-10-26T08:56:55.120Z [WARN]  core.raft: skipping new raft TLS config creation, keys are pending
2021-10-26T09:01:55.126Z [WARN]  core.raft: skipping new raft TLS config creation, keys are pending
2021-10-26T09:06:55.128Z [WARN]  core.raft: skipping new raft TLS config creation, keys are pending
2021-10-26T09:11:55.129Z [WARN]  core.raft: skipping new raft TLS config creation, keys are pending
2021-10-26T09:16:55.131Z [WARN]  core.raft: skipping new raft TLS config creation, keys are pending
2021-10-26T09:21:55.132Z [WARN]  core.raft: skipping new raft TLS config creation, keys are pending
2021-10-26T09:26:55.133Z [WARN]  core.raft: skipping new raft TLS config creation, keys are pending
2021-10-26T09:31:55.134Z [WARN]  core.raft: skipping new raft TLS config creation, keys are pending
2021-10-26T09:36:55.134Z [WARN]  core.raft: skipping new raft TLS config creation, keys are pending
2021-10-26T09:41:55.138Z [WARN]  core.raft: skipping new raft TLS config creation, keys are pending
2021-10-26T09:46:55.139Z [WARN]  core.raft: skipping new raft TLS config creation, keys are pending
2021-10-26T09:51:55.139Z [WARN]  core.raft: skipping new raft TLS config creation, keys are pending
2021-10-26T09:56:55.140Z [WARN]  core.raft: skipping new raft TLS config creation, keys are pending
2021-10-26T10:01:55.141Z [WARN]  core.raft: skipping new raft TLS config creation, keys are pending
2021-10-26T10:06:55.141Z [WARN]  core.raft: skipping new raft TLS config creation, keys are pending
2021-10-26T10:11:55.142Z [WARN]  core.raft: skipping new raft TLS config creation, keys are pending
2021-10-26T10:16:55.143Z [WARN]  core.raft: skipping new raft TLS config creation, keys are pending
2021-10-26T10:21:55.144Z [WARN]  core.raft: skipping new raft TLS config creation, keys are pending
2021-10-26T10:26:55.146Z [WARN]  core.raft: skipping new raft TLS config creation, keys are pending
2021-10-26T10:31:55.147Z [WARN]  core.raft: skipping new raft TLS config creation, keys are pending
2021-10-26T10:36:55.151Z [WARN]  core.raft: skipping new raft TLS config creation, keys are pending
2021-10-26T10:41:55.152Z [WARN]  core.raft: skipping new raft TLS config creation, keys are pending
2021-10-26T10:46:55.153Z [WARN]  core.raft: skipping new raft TLS config creation, keys are pending
2021-10-26T10:51:55.154Z [WARN]  core.raft: skipping new raft TLS config creation, keys are pending
2021-10-26T10:56:55.159Z [WARN]  core.raft: skipping new raft TLS config creation, keys are pending
2021-10-26T11:01:55.162Z [WARN]  core.raft: skipping new raft TLS config creation, keys are pending
2021-10-26T11:06:55.164Z [WARN]  core.raft: skipping new raft TLS config creation, keys are pending
2021-10-26T11:11:55.171Z [WARN]  core.raft: skipping new raft TLS config creation, keys are pending
2021-10-26T11:16:55.172Z [WARN]  core.raft: skipping new raft TLS config creation, keys are pending
2021-10-26T11:21:55.178Z [WARN]  core.raft: skipping new raft TLS config creation, keys are pending
2021-10-26T11:26:55.181Z [WARN]  core.raft: skipping new raft TLS config creation, keys are pending
2021-10-26T11:31:55.182Z [WARN]  core.raft: skipping new raft TLS config creation, keys are pending
2021-10-26T11:36:55.184Z [WARN]  core.raft: skipping new raft TLS config creation, keys are pending
2021-10-26T11:41:55.194Z [WARN]  core.raft: skipping new raft TLS config creation, keys are pending
2021-10-26T11:46:55.195Z [WARN]  core.raft: skipping new raft TLS config creation, keys are pending
2021-10-26T11:51:55.196Z [WARN]  core.raft: skipping new raft TLS config creation, keys are pending
2021-10-26T11:56:55.197Z [WARN]  core.raft: skipping new raft TLS config creation, keys are pending
2021-10-26T12:01:55.198Z [WARN]  core.raft: skipping new raft TLS config creation, keys are pending
2021-10-26T12:06:55.199Z [WARN]  core.raft: skipping new raft TLS config creation, keys are pending
2021-10-26T12:11:55.200Z [WARN]  core.raft: skipping new raft TLS config creation, keys are pending
2021-10-26T12:16:55.200Z [WARN]  core.raft: skipping new raft TLS config creation, keys are pending
2021-10-26T12:21:55.208Z [WARN]  core.raft: skipping new raft TLS config creation, keys are pending
2021-10-26T12:26:55.210Z [WARN]  core.raft: skipping new raft TLS config creation, keys are pending
2021-10-26T12:31:55.210Z [WARN]  core.raft: skipping new raft TLS config creation, keys are pending
2021-10-26T12:36:55.211Z [WARN]  core.raft: skipping new raft TLS config creation, keys are pending
2021-10-26T12:41:55.212Z [WARN]  core.raft: skipping new raft TLS config creation, keys are pending
2021-10-26T12:46:55.213Z [WARN]  core.raft: skipping new raft TLS config creation, keys are pending
2021-10-26T12:51:55.219Z [WARN]  core.raft: skipping new raft TLS config creation, keys are pending
2021-10-26T12:56:55.220Z [WARN]  core.raft: skipping new raft TLS config creation, keys are pending
2021-10-26T13:01:55.222Z [WARN]  core.raft: skipping new raft TLS config creation, keys are pending
2021-10-26T13:06:55.226Z [WARN]  core.raft: skipping new raft TLS config creation, keys are pending
2021-10-26T13:11:55.227Z [WARN]  core.raft: skipping new raft TLS config creation, keys are pending
2021-10-26T13:16:55.228Z [WARN]  core.raft: skipping new raft TLS config creation, keys are pending
2021-10-26T13:21:55.230Z [WARN]  core.raft: skipping new raft TLS config creation, keys are pending
2021-10-26T13:26:55.230Z [WARN]  core.raft: skipping new raft TLS config creation, keys are pending
2021-10-26T13:31:55.235Z [WARN]  core.raft: skipping new raft TLS config creation, keys are pending
2021-10-26T13:36:55.236Z [WARN]  core.raft: skipping new raft TLS config creation, keys are pending
2021-10-26T13:41:55.237Z [WARN]  core.raft: skipping new raft TLS config creation, keys are pending
2021-10-26T13:46:55.238Z [WARN]  core.raft: skipping new raft TLS config creation, keys are pending
2021-10-26T13:51:55.239Z [WARN]  core.raft: skipping new raft TLS config creation, keys are pending
2021-10-26T13:56:55.242Z [WARN]  core.raft: skipping new raft TLS config creation, keys are pending
2021-10-26T14:01:55.243Z [WARN]  core.raft: skipping new raft TLS config creation, keys are pending
2021-10-26T14:06:55.245Z [WARN]  core.raft: skipping new raft TLS config creation, keys are pending
2021-10-26T14:11:55.249Z [WARN]  core.raft: skipping new raft TLS config creation, keys are pending
2021-10-26T14:16:55.250Z [WARN]  core.raft: skipping new raft TLS config creation, keys are pending
2021-10-26T14:21:55.255Z [WARN]  core.raft: skipping new raft TLS config creation, keys are pending
2021-10-26T14:26:55.258Z [WARN]  core.raft: skipping new raft TLS config creation, keys are pending
2021-10-26T14:31:55.258Z [WARN]  core.raft: skipping new raft TLS config creation, keys are pending
2021-10-26T14:36:55.259Z [WARN]  core.raft: skipping new raft TLS config creation, keys are pending
2021-10-26T14:41:55.266Z [WARN]  core.raft: skipping new raft TLS config creation, keys are pending
2021-10-26T14:46:55.272Z [WARN]  core.raft: skipping new raft TLS config creation, keys are pending
2021-10-26T14:51:55.275Z [WARN]  core.raft: skipping new raft TLS config creation, keys are pending
2021-10-26T14:56:55.276Z [WARN]  core.raft: skipping new raft TLS config creation, keys are pending
2021-10-26T15:01:55.278Z [WARN]  core.raft: skipping new raft TLS config creation, keys are pending
2021-10-26T15:06:55.279Z [WARN]  core.raft: skipping new raft TLS config creation, keys are pending
2021-10-26T15:11:55.280Z [WARN]  core.raft: skipping new raft TLS config creation, keys are pending
2021-10-26T15:16:55.282Z [WARN]  core.raft: skipping new raft TLS config creation, keys are pending
2021-10-26T15:21:55.284Z [WARN]  core.raft: skipping new raft TLS config creation, keys are pending
2021-10-26T15:26:55.285Z [WARN]  core.raft: skipping new raft TLS config creation, keys are pending
2021-10-26T15:31:55.288Z [WARN]  core.raft: skipping new raft TLS config creation, keys are pending
2021-10-26T15:36:55.289Z [WARN]  core.raft: skipping new raft TLS config creation, keys are pending
2021-10-26T15:41:55.291Z [WARN]  core.raft: skipping new raft TLS config creation, keys are pending
2021-10-26T15:46:55.291Z [WARN]  core.raft: skipping new raft TLS config creation, keys are pending
2021-10-26T15:51:55.295Z [WARN]  core.raft: skipping new raft TLS config creation, keys are pending
2021-10-26T15:56:55.297Z [WARN]  core.raft: skipping new raft TLS config creation, keys are pending
2021-10-26T16:01:55.299Z [WARN]  core.raft: skipping new raft TLS config creation, keys are pending
2021-10-26T16:06:55.305Z [WARN]  core.raft: skipping new raft TLS config creation, keys are pending
2021-10-26T16:11:55.306Z [WARN]  core.raft: skipping new raft TLS config creation, keys are pending
2021-10-26T16:16:55.307Z [WARN]  core.raft: skipping new raft TLS config creation, keys are pending
2021-10-26T16:21:55.307Z [WARN]  core.raft: skipping new raft TLS config creation, keys are pending
2021-10-26T16:26:55.309Z [WARN]  core.raft: skipping new raft TLS config creation, keys are pending
2021-10-26T16:31:55.310Z [WARN]  core.raft: skipping new raft TLS config creation, keys are pending
2021-10-26T16:36:55.312Z [WARN]  core.raft: skipping new raft TLS config creation, keys are pending
2021-10-26T16:41:55.312Z [WARN]  core.raft: skipping new raft TLS config creation, keys are pending
2021-10-26T16:46:55.313Z [WARN]  core.raft: skipping new raft TLS config creation, keys are pending
2021-10-26T16:51:55.315Z [WARN]  core.raft: skipping new raft TLS config creation, keys are pending
2021-10-26T16:56:55.316Z [WARN]  core.raft: skipping new raft TLS config creation, keys are pending
2021-10-26T17:01:55.317Z [WARN]  core.raft: skipping new raft TLS config creation, keys are pending
2021-10-26T17:06:55.319Z [WARN]  core.raft: skipping new raft TLS config creation, keys are pending
2021-10-26T18:42:54.095Z [WARN]  core.raft: skipping new raft TLS config creation, keys are pending
2021-10-26T18:47:54.096Z [WARN]  core.raft: skipping new raft TLS config creation, keys are pending
2021-10-26T18:52:54.098Z [WARN]  core.raft: skipping new raft TLS config creation, keys are pending
2021-10-26T18:57:54.099Z [WARN]  core.raft: skipping new raft TLS config creation, keys are pending
2021-10-26T19:02:54.102Z [WARN]  core.raft: skipping new raft TLS config creation, keys are pending
2021-10-26T19:07:54.105Z [WARN]  core.raft: skipping new raft TLS config creation, keys are pending
2021-10-26T19:12:54.107Z [WARN]  core.raft: skipping new raft TLS config creation, keys are pending
2021-10-26T19:17:54.108Z [WARN]  core.raft: skipping new raft TLS config creation, keys are pending
2021-10-26T19:22:54.110Z [WARN]  core.raft: skipping new raft TLS config creation, keys are pending
2021-10-26T19:27:54.115Z [WARN]  core.raft: skipping new raft TLS config creation, keys are pending
2021-10-26T19:32:54.116Z [WARN]  core.raft: skipping new raft TLS config creation, keys are pending
2021-10-26T19:37:54.117Z [WARN]  core.raft: skipping new raft TLS config creation, keys are pending
2021-10-26T19:42:54.119Z [WARN]  core.raft: skipping new raft TLS config creation, keys are pending
2021-10-26T19:47:54.119Z [WARN]  core.raft: skipping new raft TLS config creation, keys are pending
2021-10-26T19:52:54.121Z [WARN]  core.raft: skipping new raft TLS config creation, keys are pending
2021-10-26T19:57:54.122Z [WARN]  core.raft: skipping new raft TLS config creation, keys are pending
2021-10-26T20:02:54.124Z [WARN]  core.raft: skipping new raft TLS config creation, keys are pending
2021-10-26T20:07:54.125Z [WARN]  core.raft: skipping new raft TLS config creation, keys are pending
2021-10-26T20:12:54.127Z [WARN]  core.raft: skipping new raft TLS config creation, keys are pending
2021-10-26T20:17:54.128Z [WARN]  core.raft: skipping new raft TLS config creation, keys are pending
2021-10-26T20:22:54.133Z [WARN]  core.raft: skipping new raft TLS config creation, keys are pending
2021-10-26T20:27:54.135Z [WARN]  core.raft: skipping new raft TLS config creation, keys are pending
2021-10-26T20:32:54.137Z [WARN]  core.raft: skipping new raft TLS config creation, keys are pending
2021-10-26T20:37:54.138Z [WARN]  core.raft: skipping new raft TLS config creation, keys are pending
2021-10-26T20:42:54.140Z [WARN]  core.raft: skipping new raft TLS config creation, keys are pending
